[GIN-VUE-ADMIN]2020/08/23 - 01:29:03.992 /Users/caiwenhui/www/local/whiteCcinn/four-seas/source-manager-admin-api/initialize/mysql.go:14 ▶ [ERROR] MySQL启动异常 dial tcp 127.0.0.1:3306: connect: connection refused
[GIN-VUE-ADMIN]2020/08/23 - 01:29:48.837 /Users/caiwenhui/www/local/whiteCcinn/four-seas/source-manager-admin-api/initialize/mysql.go:14 ▶ [ERROR] MySQL启动异常 Error 1049: Unknown database 'four-seas'
[GIN-debug] [WARNING] Creating an Engine instance with the Logger and Recovery middleware already attached.

[GIN-debug] [WARNING] Running in "debug" mode. Switch to "release" mode in production.
 - using env:	export GIN_MODE=release
 - using code:	gin.SetMode(gin.ReleaseMode)

[GIN-VUE-ADMIN]2020/08/23 - 01:31:33.229 /Users/caiwenhui/www/local/whiteCcinn/four-seas/source-manager-admin-api/initialize/router.go:18 ▶ [DEBUG] use middleware logger
[GIN-VUE-ADMIN]2020/08/23 - 01:31:33.229 /Users/caiwenhui/www/local/whiteCcinn/four-seas/source-manager-admin-api/initialize/router.go:21 ▶ [DEBUG] use middleware cors
[GIN-debug] GET    /swagger/*any             --> github.com/swaggo/gin-swagger.CustomWrapHandler.func1 (4 handlers)
[GIN-VUE-ADMIN]2020/08/23 - 01:31:33.229 /Users/caiwenhui/www/local/whiteCcinn/four-seas/source-manager-admin-api/initialize/router.go:23 ▶ [DEBUG] register swagger handler
[GIN-debug] POST   /user/changePassword      --> source_manager_admin_api/api/v1.ChangePassword (7 handlers)
[GIN-debug] POST   /user/uploadHeaderImg     --> source_manager_admin_api/api/v1.UploadHeaderImg (7 handlers)
[GIN-debug] POST   /user/getUserList         --> source_manager_admin_api/api/v1.GetUserList (7 handlers)
[GIN-debug] POST   /user/setUserAuthority    --> source_manager_admin_api/api/v1.SetUserAuthority (7 handlers)
[GIN-debug] DELETE /user/deleteUser          --> source_manager_admin_api/api/v1.DeleteUser (7 handlers)
[GIN-debug] POST   /base/register            --> source_manager_admin_api/api/v1.Register (4 handlers)
[GIN-debug] POST   /base/login               --> source_manager_admin_api/api/v1.Login (4 handlers)
[GIN-debug] POST   /base/captcha             --> source_manager_admin_api/api/v1.Captcha (4 handlers)
[GIN-debug] POST   /menu/getMenu             --> source_manager_admin_api/api/v1.GetMenu (6 handlers)
[GIN-debug] POST   /menu/getMenuList         --> source_manager_admin_api/api/v1.GetMenuList (6 handlers)
[GIN-debug] POST   /menu/addBaseMenu         --> source_manager_admin_api/api/v1.AddBaseMenu (6 handlers)
[GIN-debug] POST   /menu/getBaseMenuTree     --> source_manager_admin_api/api/v1.GetBaseMenuTree (6 handlers)
[GIN-debug] POST   /menu/addMenuAuthority    --> source_manager_admin_api/api/v1.AddMenuAuthority (6 handlers)
[GIN-debug] POST   /menu/getMenuAuthority    --> source_manager_admin_api/api/v1.GetMenuAuthority (6 handlers)
[GIN-debug] POST   /menu/deleteBaseMenu      --> source_manager_admin_api/api/v1.DeleteBaseMenu (6 handlers)
[GIN-debug] POST   /menu/updateBaseMenu      --> source_manager_admin_api/api/v1.UpdateBaseMenu (6 handlers)
[GIN-debug] POST   /menu/getBaseMenuById     --> source_manager_admin_api/api/v1.GetBaseMenuById (6 handlers)
[GIN-debug] POST   /authority/createAuthority --> source_manager_admin_api/api/v1.CreateAuthority (7 handlers)
[GIN-debug] POST   /authority/deleteAuthority --> source_manager_admin_api/api/v1.DeleteAuthority (7 handlers)
[GIN-debug] PUT    /authority/updateAuthority --> source_manager_admin_api/api/v1.UpdateAuthority (7 handlers)
[GIN-debug] POST   /authority/copyAuthority  --> source_manager_admin_api/api/v1.CopyAuthority (7 handlers)
[GIN-debug] POST   /authority/getAuthorityList --> source_manager_admin_api/api/v1.GetAuthorityList (7 handlers)
[GIN-debug] POST   /authority/setDataAuthority --> source_manager_admin_api/api/v1.SetDataAuthority (7 handlers)
[GIN-debug] POST   /api/createApi            --> source_manager_admin_api/api/v1.CreateApi (6 handlers)
[GIN-debug] POST   /api/deleteApi            --> source_manager_admin_api/api/v1.DeleteApi (6 handlers)
[GIN-debug] POST   /api/getApiList           --> source_manager_admin_api/api/v1.GetApiList (6 handlers)
[GIN-debug] POST   /api/getApiById           --> source_manager_admin_api/api/v1.GetApiById (6 handlers)
[GIN-debug] POST   /api/updateApi            --> source_manager_admin_api/api/v1.UpdateApi (6 handlers)
[GIN-debug] POST   /api/getAllApis           --> source_manager_admin_api/api/v1.GetAllApis (6 handlers)
[GIN-debug] POST   /fileUploadAndDownload/upload --> source_manager_admin_api/api/v1.UploadFile (4 handlers)
[GIN-debug] POST   /fileUploadAndDownload/getFileList --> source_manager_admin_api/api/v1.GetFileList (4 handlers)
[GIN-debug] POST   /fileUploadAndDownload/deleteFile --> source_manager_admin_api/api/v1.DeleteFile (4 handlers)
[GIN-debug] POST   /fileUploadAndDownload/breakpointContinue --> source_manager_admin_api/api/v1.BreakpointContinue (4 handlers)
[GIN-debug] GET    /fileUploadAndDownload/findFile --> source_manager_admin_api/api/v1.FindFile (4 handlers)
[GIN-debug] POST   /fileUploadAndDownload/breakpointContinueFinish --> source_manager_admin_api/api/v1.BreakpointContinueFinish (4 handlers)
[GIN-debug] POST   /fileUploadAndDownload/removeChunk --> source_manager_admin_api/api/v1.RemoveChunk (4 handlers)
[GIN-debug] POST   /simpleUploader/upload    --> source_manager_admin_api/api/v1.SimpleUploaderUpload (6 handlers)
[GIN-debug] GET    /simpleUploader/checkFileMd5 --> source_manager_admin_api/api/v1.CheckFileMd5 (6 handlers)
[GIN-debug] GET    /simpleUploader/mergeFileMd5 --> source_manager_admin_api/api/v1.MergeFileMd5 (6 handlers)
[GIN-debug] POST   /workflow/createWorkFlow  --> source_manager_admin_api/api/v1.CreateWorkFlow (6 handlers)
[GIN-debug] POST   /casbin/updateCasbin      --> source_manager_admin_api/api/v1.UpdateCasbin (7 handlers)
[GIN-debug] POST   /casbin/getPolicyPathByAuthorityId --> source_manager_admin_api/api/v1.GetPolicyPathByAuthorityId (7 handlers)
[GIN-debug] GET    /casbin/casbinTest/:pathParam --> source_manager_admin_api/api/v1.CasbinTest (7 handlers)
[GIN-debug] POST   /jwt/jsonInBlacklist      --> source_manager_admin_api/api/v1.JsonInBlacklist (6 handlers)
[GIN-debug] POST   /system/getSystemConfig   --> source_manager_admin_api/api/v1.GetSystemConfig (6 handlers)
[GIN-debug] POST   /system/setSystemConfig   --> source_manager_admin_api/api/v1.SetSystemConfig (6 handlers)
[GIN-debug] POST   /customer/customer        --> source_manager_admin_api/api/v1.CreateExaCustomer (7 handlers)
[GIN-debug] PUT    /customer/customer        --> source_manager_admin_api/api/v1.UpdateExaCustomer (7 handlers)
[GIN-debug] DELETE /customer/customer        --> source_manager_admin_api/api/v1.DeleteExaCustomer (7 handlers)
[GIN-debug] GET    /customer/customer        --> source_manager_admin_api/api/v1.GetExaCustomer (7 handlers)
[GIN-debug] GET    /customer/customerList    --> source_manager_admin_api/api/v1.GetExaCustomerList (7 handlers)
[GIN-debug] POST   /autoCode/createTemp      --> source_manager_admin_api/api/v1.CreateTemp (7 handlers)
[GIN-debug] GET    /autoCode/getTables       --> source_manager_admin_api/api/v1.GetTables (7 handlers)
[GIN-debug] GET    /autoCode/getDB           --> source_manager_admin_api/api/v1.GetDB (7 handlers)
[GIN-debug] GET    /autoCode/getColume       --> source_manager_admin_api/api/v1.GetColume (7 handlers)
[GIN-debug] POST   /sysDictionaryDetail/createSysDictionaryDetail --> source_manager_admin_api/api/v1.CreateSysDictionaryDetail (7 handlers)
[GIN-debug] DELETE /sysDictionaryDetail/deleteSysDictionaryDetail --> source_manager_admin_api/api/v1.DeleteSysDictionaryDetail (7 handlers)
[GIN-debug] PUT    /sysDictionaryDetail/updateSysDictionaryDetail --> source_manager_admin_api/api/v1.UpdateSysDictionaryDetail (7 handlers)
[GIN-debug] GET    /sysDictionaryDetail/findSysDictionaryDetail --> source_manager_admin_api/api/v1.FindSysDictionaryDetail (7 handlers)
[GIN-debug] GET    /sysDictionaryDetail/getSysDictionaryDetailList --> source_manager_admin_api/api/v1.GetSysDictionaryDetailList (7 handlers)
[GIN-debug] POST   /sysDictionary/createSysDictionary --> source_manager_admin_api/api/v1.CreateSysDictionary (7 handlers)
[GIN-debug] DELETE /sysDictionary/deleteSysDictionary --> source_manager_admin_api/api/v1.DeleteSysDictionary (7 handlers)
[GIN-debug] PUT    /sysDictionary/updateSysDictionary --> source_manager_admin_api/api/v1.UpdateSysDictionary (7 handlers)
[GIN-debug] GET    /sysDictionary/findSysDictionary --> source_manager_admin_api/api/v1.FindSysDictionary (7 handlers)
[GIN-debug] GET    /sysDictionary/getSysDictionaryList --> source_manager_admin_api/api/v1.GetSysDictionaryList (7 handlers)
[GIN-debug] POST   /sysOperationRecord/createSysOperationRecord --> source_manager_admin_api/api/v1.CreateSysOperationRecord (6 handlers)
[GIN-debug] DELETE /sysOperationRecord/deleteSysOperationRecord --> source_manager_admin_api/api/v1.DeleteSysOperationRecord (6 handlers)
[GIN-debug] DELETE /sysOperationRecord/deleteSysOperationRecordByIds --> source_manager_admin_api/api/v1.DeleteSysOperationRecordByIds (6 handlers)
[GIN-debug] PUT    /sysOperationRecord/updateSysOperationRecord --> source_manager_admin_api/api/v1.UpdateSysOperationRecord (6 handlers)
[GIN-debug] GET    /sysOperationRecord/findSysOperationRecord --> source_manager_admin_api/api/v1.FindSysOperationRecord (6 handlers)
[GIN-debug] GET    /sysOperationRecord/getSysOperationRecordList --> source_manager_admin_api/api/v1.GetSysOperationRecordList (6 handlers)
[GIN-VUE-ADMIN]2020/08/23 - 01:31:33.233 /Users/caiwenhui/www/local/whiteCcinn/four-seas/source-manager-admin-api/initialize/router.go:43 ▶ [INFO] router register success
[GIN-debug] GET    /form-generator/*filepath --> github.com/gin-gonic/gin.(*RouterGroup).createStaticHandler.func1 (4 handlers)
[GIN-debug] HEAD   /form-generator/*filepath --> github.com/gin-gonic/gin.(*RouterGroup).createStaticHandler.func1 (4 handlers)
[GIN-VUE-ADMIN]2020/08/23 - 01:31:33.233 /Users/caiwenhui/www/local/whiteCcinn/four-seas/source-manager-admin-api/core/server.go:30 ▶ [DEBUG] server run success on  :8888
[GIN] 2020/08/23 - 01:33:10 | 200 |      224.02µs |       127.0.0.1 | GET      "/swagger/index.html"
[GIN] 2020/08/23 - 01:33:11 | 200 |     529.074µs |       127.0.0.1 | GET      "/swagger/swagger-ui.css"
[GIN] 2020/08/23 - 01:33:11 | 200 |     446.213µs |       127.0.0.1 | GET      "/swagger/swagger-ui-standalone-preset.js"
[GIN] 2020/08/23 - 01:33:11 | 200 |   33.295079ms |       127.0.0.1 | GET      "/swagger/swagger-ui-bundle.js"
[GIN] 2020/08/23 - 01:33:12 | 200 |    1.671966ms |       127.0.0.1 | GET      "/swagger/doc.json"
[GIN] 2020/08/23 - 01:33:12 | 200 |     4.84846ms |       127.0.0.1 | GET      "/swagger/favicon-32x32.png"
[GIN] 2020/08/23 - 01:40:09 | 200 |    1.479078ms |       127.0.0.1 | GET      "/swagger/index.html"
[GIN] 2020/08/23 - 01:40:09 | 304 |      65.606µs |       127.0.0.1 | GET      "/swagger/swagger-ui.css"
[GIN] 2020/08/23 - 01:40:09 | 304 |      87.529µs |       127.0.0.1 | GET      "/swagger/swagger-ui-bundle.js"
[GIN] 2020/08/23 - 01:40:09 | 304 |      43.969µs |       127.0.0.1 | GET      "/swagger/swagger-ui-standalone-preset.js"
[GIN] 2020/08/23 - 01:40:09 | 200 |    2.209795ms |       127.0.0.1 | GET      "/swagger/doc.json"
[GIN-VUE-ADMIN]2020/08/23 - 01:49:05.411 /Users/caiwenhui/www/local/whiteCcinn/four-seas/source-manager-admin-api/core/server.go:36 ▶ [ERROR] accept tcp [::]:8888: use of closed network connection
[GIN-debug] [WARNING] Creating an Engine instance with the Logger and Recovery middleware already attached.

[GIN-debug] [WARNING] Running in "debug" mode. Switch to "release" mode in production.
 - using env:	export GIN_MODE=release
 - using code:	gin.SetMode(gin.ReleaseMode)

[GIN-VUE-ADMIN]2020/08/23 - 01:55:43.356 /Users/caiwenhui/www/local/whiteCcinn/four-seas/source-manager-admin-api/initialize/router.go:18 ▶ [DEBUG] use middleware logger
[GIN-VUE-ADMIN]2020/08/23 - 01:55:43.356 /Users/caiwenhui/www/local/whiteCcinn/four-seas/source-manager-admin-api/initialize/router.go:21 ▶ [DEBUG] use middleware cors
[GIN-debug] GET    /swagger/*any             --> github.com/swaggo/gin-swagger.CustomWrapHandler.func1 (4 handlers)
[GIN-VUE-ADMIN]2020/08/23 - 01:55:43.356 /Users/caiwenhui/www/local/whiteCcinn/four-seas/source-manager-admin-api/initialize/router.go:23 ▶ [DEBUG] register swagger handler
[GIN-debug] POST   /user/changePassword      --> source_manager_admin_api/api/v1.ChangePassword (7 handlers)
[GIN-debug] POST   /user/uploadHeaderImg     --> source_manager_admin_api/api/v1.UploadHeaderImg (7 handlers)
[GIN-debug] POST   /user/getUserList         --> source_manager_admin_api/api/v1.GetUserList (7 handlers)
[GIN-debug] POST   /user/setUserAuthority    --> source_manager_admin_api/api/v1.SetUserAuthority (7 handlers)
[GIN-debug] DELETE /user/deleteUser          --> source_manager_admin_api/api/v1.DeleteUser (7 handlers)
[GIN-debug] POST   /base/register            --> source_manager_admin_api/api/v1.Register (4 handlers)
[GIN-debug] POST   /base/login               --> source_manager_admin_api/api/v1.Login (4 handlers)
[GIN-debug] POST   /base/captcha             --> source_manager_admin_api/api/v1.Captcha (4 handlers)
[GIN-debug] POST   /menu/getMenu             --> source_manager_admin_api/api/v1.GetMenu (6 handlers)
[GIN-debug] POST   /menu/getMenuList         --> source_manager_admin_api/api/v1.GetMenuList (6 handlers)
[GIN-debug] POST   /menu/addBaseMenu         --> source_manager_admin_api/api/v1.AddBaseMenu (6 handlers)
[GIN-debug] POST   /menu/getBaseMenuTree     --> source_manager_admin_api/api/v1.GetBaseMenuTree (6 handlers)
[GIN-debug] POST   /menu/addMenuAuthority    --> source_manager_admin_api/api/v1.AddMenuAuthority (6 handlers)
[GIN-debug] POST   /menu/getMenuAuthority    --> source_manager_admin_api/api/v1.GetMenuAuthority (6 handlers)
[GIN-debug] POST   /menu/deleteBaseMenu      --> source_manager_admin_api/api/v1.DeleteBaseMenu (6 handlers)
[GIN-debug] POST   /menu/updateBaseMenu      --> source_manager_admin_api/api/v1.UpdateBaseMenu (6 handlers)
[GIN-debug] POST   /menu/getBaseMenuById     --> source_manager_admin_api/api/v1.GetBaseMenuById (6 handlers)
[GIN-debug] POST   /authority/createAuthority --> source_manager_admin_api/api/v1.CreateAuthority (7 handlers)
[GIN-debug] POST   /authority/deleteAuthority --> source_manager_admin_api/api/v1.DeleteAuthority (7 handlers)
[GIN-debug] PUT    /authority/updateAuthority --> source_manager_admin_api/api/v1.UpdateAuthority (7 handlers)
[GIN-debug] POST   /authority/copyAuthority  --> source_manager_admin_api/api/v1.CopyAuthority (7 handlers)
[GIN-debug] POST   /authority/getAuthorityList --> source_manager_admin_api/api/v1.GetAuthorityList (7 handlers)
[GIN-debug] POST   /authority/setDataAuthority --> source_manager_admin_api/api/v1.SetDataAuthority (7 handlers)
[GIN-debug] POST   /api/createApi            --> source_manager_admin_api/api/v1.CreateApi (6 handlers)
[GIN-debug] POST   /api/deleteApi            --> source_manager_admin_api/api/v1.DeleteApi (6 handlers)
[GIN-debug] POST   /api/getApiList           --> source_manager_admin_api/api/v1.GetApiList (6 handlers)
[GIN-debug] POST   /api/getApiById           --> source_manager_admin_api/api/v1.GetApiById (6 handlers)
[GIN-debug] POST   /api/updateApi            --> source_manager_admin_api/api/v1.UpdateApi (6 handlers)
[GIN-debug] POST   /api/getAllApis           --> source_manager_admin_api/api/v1.GetAllApis (6 handlers)
[GIN-debug] POST   /fileUploadAndDownload/upload --> source_manager_admin_api/api/v1.UploadFile (4 handlers)
[GIN-debug] POST   /fileUploadAndDownload/getFileList --> source_manager_admin_api/api/v1.GetFileList (4 handlers)
[GIN-debug] POST   /fileUploadAndDownload/deleteFile --> source_manager_admin_api/api/v1.DeleteFile (4 handlers)
[GIN-debug] POST   /fileUploadAndDownload/breakpointContinue --> source_manager_admin_api/api/v1.BreakpointContinue (4 handlers)
[GIN-debug] GET    /fileUploadAndDownload/findFile --> source_manager_admin_api/api/v1.FindFile (4 handlers)
[GIN-debug] POST   /fileUploadAndDownload/breakpointContinueFinish --> source_manager_admin_api/api/v1.BreakpointContinueFinish (4 handlers)
[GIN-debug] POST   /fileUploadAndDownload/removeChunk --> source_manager_admin_api/api/v1.RemoveChunk (4 handlers)
[GIN-debug] POST   /simpleUploader/upload    --> source_manager_admin_api/api/v1.SimpleUploaderUpload (6 handlers)
[GIN-debug] GET    /simpleUploader/checkFileMd5 --> source_manager_admin_api/api/v1.CheckFileMd5 (6 handlers)
[GIN-debug] GET    /simpleUploader/mergeFileMd5 --> source_manager_admin_api/api/v1.MergeFileMd5 (6 handlers)
[GIN-debug] POST   /workflow/createWorkFlow  --> source_manager_admin_api/api/v1.CreateWorkFlow (6 handlers)
[GIN-debug] POST   /casbin/updateCasbin      --> source_manager_admin_api/api/v1.UpdateCasbin (7 handlers)
[GIN-debug] POST   /casbin/getPolicyPathByAuthorityId --> source_manager_admin_api/api/v1.GetPolicyPathByAuthorityId (7 handlers)
[GIN-debug] GET    /casbin/casbinTest/:pathParam --> source_manager_admin_api/api/v1.CasbinTest (7 handlers)
[GIN-debug] POST   /jwt/jsonInBlacklist      --> source_manager_admin_api/api/v1.JsonInBlacklist (6 handlers)
[GIN-debug] POST   /system/getSystemConfig   --> source_manager_admin_api/api/v1.GetSystemConfig (6 handlers)
[GIN-debug] POST   /system/setSystemConfig   --> source_manager_admin_api/api/v1.SetSystemConfig (6 handlers)
[GIN-debug] POST   /customer/customer        --> source_manager_admin_api/api/v1.CreateExaCustomer (7 handlers)
[GIN-debug] PUT    /customer/customer        --> source_manager_admin_api/api/v1.UpdateExaCustomer (7 handlers)
[GIN-debug] DELETE /customer/customer        --> source_manager_admin_api/api/v1.DeleteExaCustomer (7 handlers)
[GIN-debug] GET    /customer/customer        --> source_manager_admin_api/api/v1.GetExaCustomer (7 handlers)
[GIN-debug] GET    /customer/customerList    --> source_manager_admin_api/api/v1.GetExaCustomerList (7 handlers)
[GIN-debug] POST   /autoCode/createTemp      --> source_manager_admin_api/api/v1.CreateTemp (7 handlers)
[GIN-debug] GET    /autoCode/getTables       --> source_manager_admin_api/api/v1.GetTables (7 handlers)
[GIN-debug] GET    /autoCode/getDB           --> source_manager_admin_api/api/v1.GetDB (7 handlers)
[GIN-debug] GET    /autoCode/getColume       --> source_manager_admin_api/api/v1.GetColume (7 handlers)
[GIN-debug] POST   /sysDictionaryDetail/createSysDictionaryDetail --> source_manager_admin_api/api/v1.CreateSysDictionaryDetail (7 handlers)
[GIN-debug] DELETE /sysDictionaryDetail/deleteSysDictionaryDetail --> source_manager_admin_api/api/v1.DeleteSysDictionaryDetail (7 handlers)
[GIN-debug] PUT    /sysDictionaryDetail/updateSysDictionaryDetail --> source_manager_admin_api/api/v1.UpdateSysDictionaryDetail (7 handlers)
[GIN-debug] GET    /sysDictionaryDetail/findSysDictionaryDetail --> source_manager_admin_api/api/v1.FindSysDictionaryDetail (7 handlers)
[GIN-debug] GET    /sysDictionaryDetail/getSysDictionaryDetailList --> source_manager_admin_api/api/v1.GetSysDictionaryDetailList (7 handlers)
[GIN-debug] POST   /sysDictionary/createSysDictionary --> source_manager_admin_api/api/v1.CreateSysDictionary (7 handlers)
[GIN-debug] DELETE /sysDictionary/deleteSysDictionary --> source_manager_admin_api/api/v1.DeleteSysDictionary (7 handlers)
[GIN-debug] PUT    /sysDictionary/updateSysDictionary --> source_manager_admin_api/api/v1.UpdateSysDictionary (7 handlers)
[GIN-debug] GET    /sysDictionary/findSysDictionary --> source_manager_admin_api/api/v1.FindSysDictionary (7 handlers)
[GIN-debug] GET    /sysDictionary/getSysDictionaryList --> source_manager_admin_api/api/v1.GetSysDictionaryList (7 handlers)
[GIN-debug] POST   /sysOperationRecord/createSysOperationRecord --> source_manager_admin_api/api/v1.CreateSysOperationRecord (6 handlers)
[GIN-debug] DELETE /sysOperationRecord/deleteSysOperationRecord --> source_manager_admin_api/api/v1.DeleteSysOperationRecord (6 handlers)
[GIN-debug] DELETE /sysOperationRecord/deleteSysOperationRecordByIds --> source_manager_admin_api/api/v1.DeleteSysOperationRecordByIds (6 handlers)
[GIN-debug] PUT    /sysOperationRecord/updateSysOperationRecord --> source_manager_admin_api/api/v1.UpdateSysOperationRecord (6 handlers)
[GIN-debug] GET    /sysOperationRecord/findSysOperationRecord --> source_manager_admin_api/api/v1.FindSysOperationRecord (6 handlers)
[GIN-debug] GET    /sysOperationRecord/getSysOperationRecordList --> source_manager_admin_api/api/v1.GetSysOperationRecordList (6 handlers)
[GIN-VUE-ADMIN]2020/08/23 - 01:55:43.363 /Users/caiwenhui/www/local/whiteCcinn/four-seas/source-manager-admin-api/initialize/router.go:43 ▶ [INFO] router register success
[GIN-debug] GET    /form-generator/*filepath --> github.com/gin-gonic/gin.(*RouterGroup).createStaticHandler.func1 (4 handlers)
[GIN-debug] HEAD   /form-generator/*filepath --> github.com/gin-gonic/gin.(*RouterGroup).createStaticHandler.func1 (4 handlers)
[GIN-VUE-ADMIN]2020/08/23 - 01:55:43.363 /Users/caiwenhui/www/local/whiteCcinn/four-seas/source-manager-admin-api/core/server.go:30 ▶ [DEBUG] server run success on  :8888
[GIN-VUE-ADMIN]2020/08/23 - 01:55:44.981 /Users/caiwenhui/www/local/whiteCcinn/four-seas/source-manager-admin-api/core/server.go:36 ▶ [ERROR] accept tcp [::]:8888: use of closed network connection
